2022-05-01 02:57:49.049 [1;31m-ERROR[m  [35m[amed) (11/12)#0][m [36mo.a.f.c.j.i.JdbcOutputFormat  [m : JDBC executeBatch error, retry times = 0
ru.yandex.clickhouse.except.ClickHouseException: ClickHouse exception, code: 159, host: 127.0.0.1, port: 18123; Read timed out
	at ru.yandex.clickhouse.except.ClickHouseExceptionSpecifier.getException(ClickHouseExceptionSpecifier.java:94) ~[clickhouse-jdbc-0.3.2.jar:clickhouse-jdbc 0.3.2 (revision: 567e14d)]
	at ru.yandex.clickhouse.except.ClickHouseExceptionSpecifier.specify(ClickHouseExceptionSpecifier.java:57) ~[clickhouse-jdbc-0.3.2.jar:clickhouse-jdbc 0.3.2 (revision: 567e14d)]
	at ru.yandex.clickhouse.except.ClickHouseExceptionSpecifier.specify(ClickHouseExceptionSpecifier.java:26) ~[clickhouse-jdbc-0.3.2.jar:clickhouse-jdbc 0.3.2 (revision: 567e14d)]
	at ru.yandex.clickhouse.ClickHouseStatementImpl.sendStream(ClickHouseStatementImpl.java:1058) ~[clickhouse-jdbc-0.3.2.jar:clickhouse-jdbc 0.3.2 (revision: 567e14d)]
	at ru.yandex.clickhouse.ClickHouseStatementImpl.sendStream(ClickHouseStatementImpl.java:1011) ~[clickhouse-jdbc-0.3.2.jar:clickhouse-jdbc 0.3.2 (revision: 567e14d)]
	at ru.yandex.clickhouse.ClickHouseStatementImpl.sendStream(ClickHouseStatementImpl.java:1004) ~[clickhouse-jdbc-0.3.2.jar:clickhouse-jdbc 0.3.2 (revision: 567e14d)]
	at ru.yandex.clickhouse.ClickHousePreparedStatementImpl.executeBatch(ClickHousePreparedStatementImpl.java:382) ~[clickhouse-jdbc-0.3.2.jar:clickhouse-jdbc 0.3.2 (revision: 567e14d)]
	at ru.yandex.clickhouse.ClickHousePreparedStatementImpl.executeBatch(ClickHousePreparedStatementImpl.java:365) ~[clickhouse-jdbc-0.3.2.jar:clickhouse-jdbc 0.3.2 (revision: 567e14d)]
	at org.apache.flink.connector.jdbc.internal.executor.SimpleBatchStatementExecutor.executeBatch(SimpleBatchStatementExecutor.java:73) ~[flink-connector-jdbc_2.12-1.14.4.jar:1.14.4]
	at org.apache.flink.connector.jdbc.internal.JdbcOutputFormat.attemptFlush(JdbcOutputFormat.java:249) ~[flink-connector-jdbc_2.12-1.14.4.jar:1.14.4]
	at org.apache.flink.connector.jdbc.internal.JdbcOutputFormat.flush(JdbcOutputFormat.java:219) ~[flink-connector-jdbc_2.12-1.14.4.jar:1.14.4]
	at org.apache.flink.connector.jdbc.internal.GenericJdbcSinkFunction.snapshotState(GenericJdbcSinkFunction.java:65) ~[flink-connector-jdbc_2.12-1.14.4.jar:1.14.4]
	at org.apache.flink.streaming.util.functions.StreamingFunctionUtils.trySnapshotFunctionState(StreamingFunctionUtils.java:118) ~[flink-streaming-java_2.12-1.14.4.jar:1.14.4]
	at org.apache.flink.streaming.util.functions.StreamingFunctionUtils.snapshotFunctionState(StreamingFunctionUtils.java:99) ~[flink-streaming-java_2.12-1.14.4.jar:1.14.4]
	at org.apache.flink.streaming.api.operators.AbstractUdfStreamOperator.snapshotState(AbstractUdfStreamOperator.java:87) ~[flink-streaming-java_2.12-1.14.4.jar:1.14.4]
	at org.apache.flink.streaming.api.operators.StreamOperatorStateHandler.snapshotState(StreamOperatorStateHandler.java:219) ~[flink-streaming-java_2.12-1.14.4.jar:1.14.4]
	at org.apache.flink.streaming.api.operators.StreamOperatorStateHandler.snapshotState(StreamOperatorStateHandler.java:170) ~[flink-streaming-java_2.12-1.14.4.jar:1.14.4]
	at org.apache.flink.streaming.api.operators.AbstractStreamOperator.snapshotState(AbstractStreamOperator.java:348) ~[flink-streaming-java_2.12-1.14.4.jar:1.14.4]
	at org.apache.flink.streaming.runtime.tasks.RegularOperatorChain.checkpointStreamOperator(RegularOperatorChain.java:233) ~[flink-streaming-java_2.12-1.14.4.jar:1.14.4]
	at org.apache.flink.streaming.runtime.tasks.RegularOperatorChain.buildOperatorSnapshotFutures(RegularOperatorChain.java:206) ~[flink-streaming-java_2.12-1.14.4.jar:1.14.4]
	at org.apache.flink.streaming.runtime.tasks.RegularOperatorChain.snapshotState(RegularOperatorChain.java:186) ~[flink-streaming-java_2.12-1.14.4.jar:1.14.4]
	at org.apache.flink.streaming.runtime.tasks.SubtaskCheckpointCoordinatorImpl.takeSnapshotSync(SubtaskCheckpointCoordinatorImpl.java:605) ~[flink-streaming-java_2.12-1.14.4.jar:1.14.4]
	at org.apache.flink.streaming.runtime.tasks.SubtaskCheckpointCoordinatorImpl.checkpointState(SubtaskCheckpointCoordinatorImpl.java:315) ~[flink-streaming-java_2.12-1.14.4.jar:1.14.4]
	at org.apache.flink.streaming.runtime.tasks.StreamTask.lambda$performCheckpoint$14(StreamTask.java:1329) ~[flink-streaming-java_2.12-1.14.4.jar:1.14.4]
	at org.apache.flink.streaming.runtime.tasks.StreamTaskActionExecutor$1.runThrowing(StreamTaskActionExecutor.java:50) ~[flink-streaming-java_2.12-1.14.4.jar:1.14.4]
	at org.apache.flink.streaming.runtime.tasks.StreamTask.performCheckpoint(StreamTask.java:1315) ~[flink-streaming-java_2.12-1.14.4.jar:1.14.4]
	at org.apache.flink.streaming.runtime.tasks.StreamTask.triggerCheckpointAsyncInMailbox(StreamTask.java:1163) ~[flink-streaming-java_2.12-1.14.4.jar:1.14.4]
	at org.apache.flink.streaming.runtime.tasks.StreamTask.lambda$triggerCheckpointAsync$12(StreamTask.java:1122) ~[flink-streaming-java_2.12-1.14.4.jar:1.14.4]
	at org.apache.flink.streaming.runtime.tasks.StreamTaskActionExecutor$1.runThrowing(StreamTaskActionExecutor.java:50) ~[flink-streaming-java_2.12-1.14.4.jar:1.14.4]
	at org.apache.flink.streaming.runtime.tasks.mailbox.Mail.run(Mail.java:90) ~[flink-streaming-java_2.12-1.14.4.jar:1.14.4]
	at org.apache.flink.streaming.runtime.tasks.mailbox.MailboxProcessor.processMailsNonBlocking(MailboxProcessor.java:353) ~[flink-streaming-java_2.12-1.14.4.jar:1.14.4]
	at org.apache.flink.streaming.runtime.tasks.mailbox.MailboxProcessor.processMail(MailboxProcessor.java:317) ~[flink-streaming-java_2.12-1.14.4.jar:1.14.4]
	at org.apache.flink.streaming.runtime.tasks.mailbox.MailboxProcessor.runMailboxLoop(MailboxProcessor.java:201) ~[flink-streaming-java_2.12-1.14.4.jar:1.14.4]
	at org.apache.flink.streaming.runtime.tasks.StreamTask.runMailboxLoop(StreamTask.java:809) ~[flink-streaming-java_2.12-1.14.4.jar:1.14.4]
	at org.apache.flink.streaming.runtime.tasks.StreamTask.invoke(StreamTask.java:761) ~[flink-streaming-java_2.12-1.14.4.jar:1.14.4]
	at org.apache.flink.runtime.taskmanager.Task.runWithSystemExitMonitoring(Task.java:958) ~[flink-runtime-1.14.4.jar:1.14.4]
	at org.apache.flink.runtime.taskmanager.Task.restoreAndInvoke(Task.java:937) ~[flink-runtime-1.14.4.jar:1.14.4]
	at org.apache.flink.runtime.taskmanager.Task.doRun(Task.java:766) ~[flink-runtime-1.14.4.jar:1.14.4]
	at org.apache.flink.runtime.taskmanager.Task.run(Task.java:575) ~[flink-runtime-1.14.4.jar:1.14.4]
	at java.lang.Thread.run(Thread.java:750) ~[?:1.8.0_332]
Caused by: java.net.SocketTimeoutException: Read timed out
	at java.net.SocketInputStream.socketRead0(Native Method) ~[?:1.8.0_332]
	at java.net.SocketInputStream.socketRead(SocketInputStream.java:116) ~[?:1.8.0_332]
	at java.net.SocketInputStream.read(SocketInputStream.java:171) ~[?:1.8.0_332]
	at java.net.SocketInputStream.read(SocketInputStream.java:141) ~[?:1.8.0_332]
	at org.apache.http.impl.io.SessionInputBufferImpl.streamRead(SessionInputBufferImpl.java:137) ~[httpcore-4.4.13.jar:4.4.13]
	at org.apache.http.impl.io.SessionInputBufferImpl.fillBuffer(SessionInputBufferImpl.java:153) ~[httpcore-4.4.13.jar:4.4.13]
	at org.apache.http.impl.io.SessionInputBufferImpl.readLine(SessionInputBufferImpl.java:280) ~[httpcore-4.4.13.jar:4.4.13]
	at org.apache.http.impl.conn.DefaultHttpResponseParser.parseHead(DefaultHttpResponseParser.java:138) ~[httpclient-4.5.13.jar:4.5.13]
	at org.apache.http.impl.conn.DefaultHttpResponseParser.parseHead(DefaultHttpResponseParser.java:56) ~[httpclient-4.5.13.jar:4.5.13]
	at org.apache.http.impl.io.AbstractMessageParser.parse(AbstractMessageParser.java:259) ~[httpcore-4.4.13.jar:4.4.13]
	at org.apache.http.impl.DefaultBHttpClientConnection.receiveResponseHeader(DefaultBHttpClientConnection.java:163) ~[httpcore-4.4.13.jar:4.4.13]
	at org.apache.http.impl.conn.CPoolProxy.receiveResponseHeader(CPoolProxy.java:157) ~[httpclient-4.5.13.jar:4.5.13]
	at org.apache.http.protocol.HttpRequestExecutor.doReceiveResponse(HttpRequestExecutor.java:273) ~[httpcore-4.4.13.jar:4.4.13]
	at org.apache.http.protocol.HttpRequestExecutor.execute(HttpRequestExecutor.java:125) ~[httpcore-4.4.13.jar:4.4.13]
	at org.apache.http.impl.execchain.MainClientExec.execute(MainClientExec.java:272) ~[httpclient-4.5.13.jar:4.5.13]
	at org.apache.http.impl.execchain.ProtocolExec.execute(ProtocolExec.java:186) ~[httpclient-4.5.13.jar:4.5.13]
	at org.apache.http.impl.execchain.RetryExec.execute(RetryExec.java:89) ~[httpclient-4.5.13.jar:4.5.13]
	at org.apache.http.impl.client.InternalHttpClient.doExecute(InternalHttpClient.java:185) ~[httpclient-4.5.13.jar:4.5.13]
	at org.apache.http.impl.client.CloseableHttpClient.execute(CloseableHttpClient.java:83) ~[httpclient-4.5.13.jar:4.5.13]
	at ru.yandex.clickhouse.ClickHouseStatementImpl.sendStream(ClickHouseStatementImpl.java:1043) ~[clickhouse-jdbc-0.3.2.jar:clickhouse-jdbc 0.3.2 (revision: 567e14d)]
	... 36 more
